<?xml version="1.0" encoding="UTF-8"?>
<testng-results ignored="0" total="1" passed="1" failed="0" skipped="0">
  <reporter-output>
  </reporter-output>
  <suite started-at="2022-12-30T15:35:18 IST" name="Default suite" finished-at="2022-12-30T15:36:42 IST" duration-ms="84049">
    <groups>
    </groups>
    <test started-at="2022-12-30T15:35:18 IST" name="Default test" finished-at="2022-12-30T15:36:42 IST" duration-ms="84049">
      <class name="testscripts.MakemytripHotelsTest">
        <test-method is-config="true" signature="setUp()[pri:0, instance:testscripts.MakemytripHotelsTest@51e69659]" started-at="2022-12-30T15:35:19 IST" name="setUp" finished-at="2022-12-30T15:35:21 IST" duration-ms="2667" status="PASS">
          <reporter-output>
          </reporter-output>
        </test-method> <!-- setUp -->
        <test-method signature="verifyHotelsPage([Ljava.lang.String;)[pri:0, instance:testscripts.MakemytripHotelsTest@51e69659]" started-at="2022-12-30T15:35:21 IST" name="verifyHotelsPage" data-provider="hotelsData" finished-at="2022-12-30T15:36:41 IST" duration-ms="80025" status="PASS">
          <params>
            <param index="0">
              <value>
                <![CDATA[[Ljava.lang.String;@50fb33a]]>
              </value>
            </param>
          </params>
          <reporter-output>
          </reporter-output>
        </test-method> <!-- verifyHotelsPage -->
        <test-method is-config="true" signature="quitebrowser(org.testng.ITestResult)[pri:0, instance:testscripts.MakemytripHotelsTest@51e69659]" started-at="2022-12-30T15:36:41 IST" name="quitebrowser" finished-at="2022-12-30T15:36:42 IST" duration-ms="273" status="PASS">
          <params>
            <param index="0">
              <value>
                <![CDATA[[TestResult name=verifyHotelsPage status=SUCCESS method=MakemytripHotelsTest.verifyHotelsPage([Ljava.lang.String;)[pri:0, instance:testscripts.MakemytripHotelsTest@51e69659] output={null}]]]>
              </value>
            </param>
          </params>
          <reporter-output>
          </reporter-output>
        </test-method> <!-- quitebrowser -->
        <test-method is-config="true" signature="quitbrowser()[pri:0, instance:testscripts.MakemytripHotelsTest@51e69659]" started-at="2022-12-30T15:36:42 IST" name="quitbrowser" finished-at="2022-12-30T15:36:42 IST" duration-ms="1" status="PASS">
          <reporter-output>
          </reporter-output>
        </test-method> <!-- quitbrowser -->
      </class> <!-- testscripts.MakemytripHotelsTest -->
    </test> <!-- Default test -->
  </suite> <!-- Default suite -->
</testng-results>
